<?xml version="1.0" encoding="UTF-8"?>
<!-- Generated by org.testng.reporters.JUnitReportReporter -->
<testsuite hostname="SKAR1201133" failures="0" tests="1" name="br.com.ProjectTDD.pages.Principal" time="15.617" errors="0" timestamp="2020-03-25T15:12:49 BRT" skipped="0">
  <testcase classname="br.com.ProjectTDD.pages.Principal" name="CadastroDeUsuarioNegativo" time="15.617"/>
  <system-out/>
</testsuite> <!-- br.com.ProjectTDD.pages.Principal -->
