<?xml version="1.0" encoding="UTF-8"?>
<!-- Generated by org.testng.reporters.JUnitReportReporter -->
<testsuite hostname="SKAR1201133" failures="0" tests="1" name="br.com.ProjectTDD.pages.Principal" time="11.720" errors="0" timestamp="2020-03-26T10:55:00 BRT" skipped="0">
  <testcase classname="br.com.ProjectTDD.pages.Principal" name="LoginusuarioJaCadastradoNegativo" time="11.720"/>
  <system-out/>
</testsuite> <!-- br.com.ProjectTDD.pages.Principal -->
