<?xml version="1.0" encoding="UTF-8"?>
<!-- Generated by org.testng.reporters.JUnitReportReporter -->
<testsuite hostname="SKAR1201133" failures="0" tests="1" name="br.com.ProjectTDD.pages.Principal" time="35.248" errors="0" timestamp="2020-03-29T18:04:35 BRT" skipped="0">
  <testcase classname="br.com.ProjectTDD.pages.Principal" name="ConsultaPorTelaNegativo" time="35.248"/>
  <system-out/>
</testsuite> <!-- br.com.ProjectTDD.pages.Principal -->
